<!DOCTYPE HTML PUBLIC "-//W3C//DTD HTML 4.01 Transitional//EN" "http://www.w3.org/TR/html4/loose.dtd">
<html>
<head>
<title>Log4J Log Messages</title>
<style type="text/css">
<!--
body, table {font-family: arial,sans-serif; font-size: x-small;}
th {background: #336699; color: #FFFFFF; text-align: left;}
-->
</style>
</head>
<body bgcolor="#FFFFFF" topmargin="6" leftmargin="6">
<hr size="1" noshade>
Log session start time Thu Mar 16 11:21:30 CST 2017<br>
<br>
<table cellspacing="0" cellpadding="4" border="1" bordercolor="#224466" width="100%">
<tr>
<th>Time</th>
<th>Thread</th>
<th>Level</th>
<th>Category</th>
<th>Message</th>
</tr>

<tr>
<td>0</td>
<td title="main thread">main</td>
<td title="Level"><font color="#339933">DEBUG</font></td>
<td title="org.apache.ibatis.logging.LogFactory category">org.apache.ibatis.logging.LogFactory</td>
<td title="Message">Logging initialized using 'class org.apache.ibatis.logging.log4j.Log4jImpl' adapter.</td>
</tr>

<tr>
<td>109</td>
<td title="main thread">main</td>
<td title="Level"><font color="#339933">DEBUG</font></td>
<td title="org.apache.ibatis.datasource.pooled.PooledDataSource category">org.apache.ibatis.datasource.pooled.PooledDataSource</td>
<td title="Message">PooledDataSource forcefully closed/removed all connections.</td>
</tr>

<tr>
<td>110</td>
<td title="main thread">main</td>
<td title="Level"><font color="#339933">DEBUG</font></td>
<td title="org.apache.ibatis.datasource.pooled.PooledDataSource category">org.apache.ibatis.datasource.pooled.PooledDataSource</td>
<td title="Message">PooledDataSource forcefully closed/removed all connections.</td>
</tr>

<tr>
<td>110</td>
<td title="main thread">main</td>
<td title="Level"><font color="#339933">DEBUG</font></td>
<td title="org.apache.ibatis.datasource.pooled.PooledDataSource category">org.apache.ibatis.datasource.pooled.PooledDataSource</td>
<td title="Message">PooledDataSource forcefully closed/removed all connections.</td>
</tr>

<tr>
<td>110</td>
<td title="main thread">main</td>
<td title="Level"><font color="#339933">DEBUG</font></td>
<td title="org.apache.ibatis.datasource.pooled.PooledDataSource category">org.apache.ibatis.datasource.pooled.PooledDataSource</td>
<td title="Message">PooledDataSource forcefully closed/removed all connections.</td>
</tr>

<tr>
<td>190</td>
<td title="main thread">main</td>
<td title="Level"><font color="#339933">DEBUG</font></td>
<td title="org.apache.ibatis.transaction.jdbc.JdbcTransaction category">org.apache.ibatis.transaction.jdbc.JdbcTransaction</td>
<td title="Message">Opening JDBC Connection</td>
</tr>

<tr>
<td>1462</td>
<td title="main thread">main</td>
<td title="Level">INFO</td>
<td title="com.push.server.database.DBOperationImpl category">com.push.server.database.DBOperationImpl</td>
<td title="Message">failed to select message max ID</td>
</tr>
<!DOCTYPE HTML PUBLIC "-//W3C//DTD HTML 4.01 Transitional//EN" "http://www.w3.org/TR/html4/loose.dtd">
<html>
<head>
<title>Log4J Log Messages</title>
<style type="text/css">
<!--
body, table {font-family: arial,sans-serif; font-size: x-small;}
th {background: #336699; color: #FFFFFF; text-align: left;}
-->
</style>
</head>
<body bgcolor="#FFFFFF" topmargin="6" leftmargin="6">
<hr size="1" noshade>
Log session start time Thu Mar 16 12:16:24 CST 2017<br>
<br>
<table cellspacing="0" cellpadding="4" border="1" bordercolor="#224466" width="100%">
<tr>
<th>Time</th>
<th>Thread</th>
<th>Level</th>
<th>Category</th>
<th>Message</th>
</tr>

<tr>
<td>0</td>
<td title="main thread">main</td>
<td title="Level"><font color="#339933">DEBUG</font></td>
<td title="org.apache.ibatis.logging.LogFactory category">org.apache.ibatis.logging.LogFactory</td>
<td title="Message">Logging initialized using 'class org.apache.ibatis.logging.log4j.Log4jImpl' adapter.</td>
</tr>

<tr>
<td>13</td>
<td title="main thread">main</td>
<td title="Level"><font color="#339933">DEBUG</font></td>
<td title="org.apache.ibatis.datasource.pooled.PooledDataSource category">org.apache.ibatis.datasource.pooled.PooledDataSource</td>
<td title="Message">PooledDataSource forcefully closed/removed all connections.</td>
</tr>

<tr>
<td>14</td>
<td title="main thread">main</td>
<td title="Level"><font color="#339933">DEBUG</font></td>
<td title="org.apache.ibatis.datasource.pooled.PooledDataSource category">org.apache.ibatis.datasource.pooled.PooledDataSource</td>
<td title="Message">PooledDataSource forcefully closed/removed all connections.</td>
</tr>

<tr>
<td>14</td>
<td title="main thread">main</td>
<td title="Level"><font color="#339933">DEBUG</font></td>
<td title="org.apache.ibatis.datasource.pooled.PooledDataSource category">org.apache.ibatis.datasource.pooled.PooledDataSource</td>
<td title="Message">PooledDataSource forcefully closed/removed all connections.</td>
</tr>

<tr>
<td>14</td>
<td title="main thread">main</td>
<td title="Level"><font color="#339933">DEBUG</font></td>
<td title="org.apache.ibatis.datasource.pooled.PooledDataSource category">org.apache.ibatis.datasource.pooled.PooledDataSource</td>
<td title="Message">PooledDataSource forcefully closed/removed all connections.</td>
</tr>

<tr>
<td>102</td>
<td title="main thread">main</td>
<td title="Level"><font color="#339933">DEBUG</font></td>
<td title="org.apache.ibatis.transaction.jdbc.JdbcTransaction category">org.apache.ibatis.transaction.jdbc.JdbcTransaction</td>
<td title="Message">Opening JDBC Connection</td>
</tr>

<tr>
<td>1191</td>
<td title="main thread">main</td>
<td title="Level">INFO</td>
<td title="com.push.server.database.DBOperationImpl category">com.push.server.database.DBOperationImpl</td>
<td title="Message">failed to select message max ID</td>
</tr>
<!DOCTYPE HTML PUBLIC "-//W3C//DTD HTML 4.01 Transitional//EN" "http://www.w3.org/TR/html4/loose.dtd">
<html>
<head>
<title>Log4J Log Messages</title>
<style type="text/css">
<!--
body, table {font-family: arial,sans-serif; font-size: x-small;}
th {background: #336699; color: #FFFFFF; text-align: left;}
-->
</style>
</head>
<body bgcolor="#FFFFFF" topmargin="6" leftmargin="6">
<hr size="1" noshade>
Log session start time Thu Mar 16 12:17:29 CST 2017<br>
<br>
<table cellspacing="0" cellpadding="4" border="1" bordercolor="#224466" width="100%">
<tr>
<th>Time</th>
<th>Thread</th>
<th>Level</th>
<th>Category</th>
<th>Message</th>
</tr>

<tr>
<td>0</td>
<td title="Thread-2 thread">Thread-2</td>
<td title="Level"><font color="#339933">DEBUG</font></td>
<td title="io.netty.util.internal.logging.InternalLoggerFactory category">io.netty.util.internal.logging.InternalLoggerFactory</td>
<td title="Message">Using Log4J as the default logging framework</td>
</tr>

<tr>
<td>24</td>
<td title="Thread-2 thread">Thread-2</td>
<td title="Level"><font color="#339933">DEBUG</font></td>
<td title="io.netty.channel.MultithreadEventLoopGroup category">io.netty.channel.MultithreadEventLoopGroup</td>
<td title="Message">-Dio.netty.eventLoopThreads: 8</td>
</tr>

<tr>
<td>157</td>
<td title="Thread-2 thread">Thread-2</td>
<td title="Level"><font color="#339933">DEBUG</font></td>
<td title="io.netty.util.internal.PlatformDependent0 category">io.netty.util.internal.PlatformDependent0</td>
<td title="Message">java.nio.Buffer.address: available</td>
</tr>

<tr>
<td>158</td>
<td title="Thread-2 thread">Thread-2</td>
<td title="Level"><font color="#339933">DEBUG</font></td>
<td title="io.netty.util.internal.PlatformDependent0 category">io.netty.util.internal.PlatformDependent0</td>
<td title="Message">sun.misc.Unsafe.theUnsafe: available</td>
</tr>

<tr>
<td>158</td>
<td title="Thread-2 thread">Thread-2</td>
<td title="Level"><font color="#339933">DEBUG</font></td>
<td title="io.netty.util.internal.PlatformDependent0 category">io.netty.util.internal.PlatformDependent0</td>
<td title="Message">sun.misc.Unsafe.copyMemory: available</td>
</tr>

<tr>
<td>158</td>
<td title="Thread-2 thread">Thread-2</td>
<td title="Level"><font color="#339933">DEBUG</font></td>
<td title="io.netty.util.internal.PlatformDependent0 category">io.netty.util.internal.PlatformDependent0</td>
<td title="Message">java.nio.Bits.unaligned: true</td>
</tr>

<tr>
<td>159</td>
<td title="Thread-2 thread">Thread-2</td>
<td title="Level"><font color="#339933">DEBUG</font></td>
<td title="io.netty.util.internal.PlatformDependent category">io.netty.util.internal.PlatformDependent</td>
<td title="Message">Platform: Windows</td>
</tr>

<tr>
<td>159</td>
<td title="Thread-2 thread">Thread-2</td>
<td title="Level"><font color="#339933">DEBUG</font></td>
<td title="io.netty.util.internal.PlatformDependent category">io.netty.util.internal.PlatformDependent</td>
<td title="Message">Java version: 7</td>
</tr>

<tr>
<td>160</td>
<td title="Thread-2 thread">Thread-2</td>
<td title="Level"><font color="#339933">DEBUG</font></td>
<td title="io.netty.util.internal.PlatformDependent category">io.netty.util.internal.PlatformDependent</td>
<td title="Message">-Dio.netty.noUnsafe: false</td>
</tr>

<tr>
<td>160</td>
<td title="Thread-2 thread">Thread-2</td>
<td title="Level"><font color="#339933">DEBUG</font></td>
<td title="io.netty.util.internal.PlatformDependent category">io.netty.util.internal.PlatformDependent</td>
<td title="Message">sun.misc.Unsafe: available</td>
</tr>

<tr>
<td>170</td>
<td title="Thread-2 thread">Thread-2</td>
<td title="Level"><font color="#339933">DEBUG</font></td>
<td title="io.netty.util.internal.PlatformDependent category">io.netty.util.internal.PlatformDependent</td>
<td title="Message">-Dio.netty.noJavassist: false</td>
</tr>

<tr>
<td>170</td>
<td title="Thread-2 thread">Thread-2</td>
<td title="Level"><font color="#339933">DEBUG</font></td>
<td title="io.netty.util.internal.PlatformDependent category">io.netty.util.internal.PlatformDependent</td>
<td title="Message">Javassist: unavailable</td>
</tr>

<tr>
<td>170</td>
<td title="Thread-2 thread">Thread-2</td>
<td title="Level"><font color="#339933">DEBUG</font></td>
<td title="io.netty.util.internal.PlatformDependent category">io.netty.util.internal.PlatformDependent</td>
<td title="Message">You don't have Javassist in your class path or you don't have enough permission to load dynamically generated classes.  Please check the configuration for better performance.</td>
</tr>

<tr>
<td>171</td>
<td title="Thread-2 thread">Thread-2</td>
<td title="Level"><font color="#339933">DEBUG</font></td>
<td title="io.netty.util.internal.PlatformDependent category">io.netty.util.internal.PlatformDependent</td>
<td title="Message">-Dio.netty.tmpdir: C:\Users\guan\AppData\Local\Temp (java.io.tmpdir)</td>
</tr>

<tr>
<td>171</td>
<td title="Thread-2 thread">Thread-2</td>
<td title="Level"><font color="#339933">DEBUG</font></td>
<td title="io.netty.util.internal.PlatformDependent category">io.netty.util.internal.PlatformDependent</td>
<td title="Message">-Dio.netty.bitMode: 32 (sun.arch.data.model)</td>
</tr>

<tr>
<td>171</td>
<td title="Thread-2 thread">Thread-2</td>
<td title="Level"><font color="#339933">DEBUG</font></td>
<td title="io.netty.util.internal.PlatformDependent category">io.netty.util.internal.PlatformDependent</td>
<td title="Message">-Dio.netty.noPreferDirect: false</td>
</tr>

<tr>
<td>173</td>
<td title="Thread-2 thread">Thread-2</td>
<td title="Level"><font color="#339933">DEBUG</font></td>
<td title="io.netty.channel.nio.NioEventLoop category">io.netty.channel.nio.NioEventLoop</td>
<td title="Message">-Dio.netty.noKeySetOptimization: false</td>
</tr>

<tr>
<td>173</td>
<td title="Thread-2 thread">Thread-2</td>
<td title="Level"><font color="#339933">DEBUG</font></td>
<td title="io.netty.channel.nio.NioEventLoop category">io.netty.channel.nio.NioEventLoop</td>
<td title="Message">-Dio.netty.selectorAutoRebuildThreshold: 512</td>
</tr>

<tr>
<td>268</td>
<td title="Thread-2 thread">Thread-2</td>
<td title="Level"><font color="#339933">DEBUG</font></td>
<td title="io.netty.channel.DefaultChannelId category">io.netty.channel.DefaultChannelId</td>
<td title="Message">-Dio.netty.processId: 4040 (auto-detected)</td>
</tr>

<tr>
<td>334</td>
<td title="Thread-2 thread">Thread-2</td>
<td title="Level"><font color="#339933">DEBUG</font></td>
<td title="io.netty.channel.DefaultChannelId category">io.netty.channel.DefaultChannelId</td>
<td title="Message">-Dio.netty.machineId: 00:00:00:00:00:00:00:e0 (auto-detected)</td>
</tr>

<tr>
<td>338</td>
<td title="Thread-2 thread">Thread-2</td>
<td title="Level"><font color="#339933">DEBUG</font></td>
<td title="io.netty.util.internal.ThreadLocalRandom category">io.netty.util.internal.ThreadLocalRandom</td>
<td title="Message">-Dio.netty.initialSeedUniquifier: 0x5648c16e07e01e98 (took 80 ms)</td>
</tr>

<tr>
<td>394</td>
<td title="Thread-2 thread">Thread-2</td>
<td title="Level"><font color="#339933">DEBUG</font></td>
<td title="io.netty.buffer.PooledByteBufAllocator category">io.netty.buffer.PooledByteBufAllocator</td>
<td title="Message">-Dio.netty.allocator.numHeapArenas: 2</td>
</tr>

<tr>
<td>394</td>
<td title="Thread-2 thread">Thread-2</td>
<td title="Level"><font color="#339933">DEBUG</font></td>
<td title="io.netty.buffer.PooledByteBufAllocator category">io.netty.buffer.PooledByteBufAllocator</td>
<td title="Message">-Dio.netty.allocator.numDirectArenas: 2</td>
</tr>

<tr>
<td>394</td>
<td title="Thread-2 thread">Thread-2</td>
<td title="Level"><font color="#339933">DEBUG</font></td>
<td title="io.netty.buffer.PooledByteBufAllocator category">io.netty.buffer.PooledByteBufAllocator</td>
<td title="Message">-Dio.netty.allocator.pageSize: 8192</td>
</tr>

<tr>
<td>394</td>
<td title="Thread-2 thread">Thread-2</td>
<td title="Level"><font color="#339933">DEBUG</font></td>
<td title="io.netty.buffer.PooledByteBufAllocator category">io.netty.buffer.PooledByteBufAllocator</td>
<td title="Message">-Dio.netty.allocator.maxOrder: 11</td>
</tr>

<tr>
<td>394</td>
<td title="Thread-2 thread">Thread-2</td>
<td title="Level"><font color="#339933">DEBUG</font></td>
<td title="io.netty.buffer.PooledByteBufAllocator category">io.netty.buffer.PooledByteBufAllocator</td>
<td title="Message">-Dio.netty.allocator.chunkSize: 16777216</td>
</tr>

<tr>
<td>395</td>
<td title="Thread-2 thread">Thread-2</td>
<td title="Level"><font color="#339933">DEBUG</font></td>
<td title="io.netty.buffer.PooledByteBufAllocator category">io.netty.buffer.PooledByteBufAllocator</td>
<td title="Message">-Dio.netty.allocator.tinyCacheSize: 512</td>
</tr>

<tr>
<td>395</td>
<td title="Thread-2 thread">Thread-2</td>
<td title="Level"><font color="#339933">DEBUG</font></td>
<td title="io.netty.buffer.PooledByteBufAllocator category">io.netty.buffer.PooledByteBufAllocator</td>
<td title="Message">-Dio.netty.allocator.smallCacheSize: 256</td>
</tr>

<tr>
<td>395</td>
<td title="Thread-2 thread">Thread-2</td>
<td title="Level"><font color="#339933">DEBUG</font></td>
<td title="io.netty.buffer.PooledByteBufAllocator category">io.netty.buffer.PooledByteBufAllocator</td>
<td title="Message">-Dio.netty.allocator.normalCacheSize: 64</td>
</tr>

<tr>
<td>395</td>
<td title="Thread-2 thread">Thread-2</td>
<td title="Level"><font color="#339933">DEBUG</font></td>
<td title="io.netty.buffer.PooledByteBufAllocator category">io.netty.buffer.PooledByteBufAllocator</td>
<td title="Message">-Dio.netty.allocator.maxCachedBufferCapacity: 32768</td>
</tr>

<tr>
<td>395</td>
<td title="Thread-2 thread">Thread-2</td>
<td title="Level"><font color="#339933">DEBUG</font></td>
<td title="io.netty.buffer.PooledByteBufAllocator category">io.netty.buffer.PooledByteBufAllocator</td>
<td title="Message">-Dio.netty.allocator.cacheTrimInterval: 8192</td>
</tr>

<tr>
<td>399</td>
<td title="Thread-2 thread">Thread-2</td>
<td title="Level"><font color="#339933">DEBUG</font></td>
<td title="io.netty.buffer.ByteBufUtil category">io.netty.buffer.ByteBufUtil</td>
<td title="Message">-Dio.netty.allocator.type: pooled</td>
</tr>

<tr>
<td>400</td>
<td title="Thread-2 thread">Thread-2</td>
<td title="Level"><font color="#339933">DEBUG</font></td>
<td title="io.netty.buffer.ByteBufUtil category">io.netty.buffer.ByteBufUtil</td>
<td title="Message">-Dio.netty.threadLocalDirectBufferSize: 65536</td>
</tr>

<tr>
<td>417</td>
<td title="nioEventLoopGroup-0-0 thread">nioEventLoopGroup-0-0</td>
<td title="Level"><font color="#339933">DEBUG</font></td>
<td title="io.netty.util.ResourceLeakDetector category">io.netty.util.ResourceLeakDetector</td>
<td title="Message">-Dio.netty.leakDetectionLevel: simple</td>
</tr>

<tr>
<td>442</td>
<td title="nioEventLoopGroup-0-0 thread">nioEventLoopGroup-0-0</td>
<td title="Level"><font color="#993300"><strong>WARN</strong></font></td>
<td title="io.netty.channel.ChannelInitializer category">io.netty.channel.ChannelInitializer</td>
<td title="Message">Failed to initialize a channel. Closing: [id: 0x12ca2006]</td>
</tr>
<tr><td bgcolor="#993300" style="color:White; font-size : xx-small;" colspan="6">java.lang.NumberFormatException: For input string: &quot;&quot;
<br>&nbsp;&nbsp;&nbsp;&nbsp;	at java.lang.NumberFormatException.forInputString(Unknown Source)
<br>&nbsp;&nbsp;&nbsp;&nbsp;	at java.lang.Integer.parseInt(Unknown Source)
<br>&nbsp;&nbsp;&nbsp;&nbsp;	at java.lang.Integer.parseInt(Unknown Source)
<br>&nbsp;&nbsp;&nbsp;&nbsp;	at com.push.server.Client.buildMessage(Client.java:200)
<br>&nbsp;&nbsp;&nbsp;&nbsp;	at com.push.server.Client$LoginAuthReqHandler.&lt;init&gt;(Client.java:228)
<br>&nbsp;&nbsp;&nbsp;&nbsp;	at com.push.server.Client$1.initChannel(Client.java:142)
<br>&nbsp;&nbsp;&nbsp;&nbsp;	at com.push.server.Client$1.initChannel(Client.java:1)
<br>&nbsp;&nbsp;&nbsp;&nbsp;	at io.netty.channel.ChannelInitializer.channelRegistered(ChannelInitializer.java:69)
<br>&nbsp;&nbsp;&nbsp;&nbsp;	at io.netty.channel.ChannelHandlerInvokerUtil.invokeChannelRegisteredNow(ChannelHandlerInvokerUtil.java:32)
<br>&nbsp;&nbsp;&nbsp;&nbsp;	at io.netty.channel.DefaultChannelHandlerInvoker.invokeChannelRegistered(DefaultChannelHandlerInvoker.java:50)
<br>&nbsp;&nbsp;&nbsp;&nbsp;	at io.netty.channel.PausableChannelEventExecutor.invokeChannelRegistered(PausableChannelEventExecutor.java:56)
<br>&nbsp;&nbsp;&nbsp;&nbsp;	at io.netty.channel.AbstractChannelHandlerContext.fireChannelRegistered(AbstractChannelHandlerContext.java:345)
<br>&nbsp;&nbsp;&nbsp;&nbsp;	at io.netty.channel.DefaultChannelPipeline.fireChannelRegistered(DefaultChannelPipeline.java:843)
<br>&nbsp;&nbsp;&nbsp;&nbsp;	at io.netty.channel.AbstractChannel$AbstractUnsafe.register0(AbstractChannel.java:519)
<br>&nbsp;&nbsp;&nbsp;&nbsp;	at io.netty.channel.AbstractChannel$AbstractUnsafe.access$100(AbstractChannel.java:422)
<br>&nbsp;&nbsp;&nbsp;&nbsp;	at io.netty.channel.AbstractChannel$AbstractUnsafe$1.run(AbstractChannel.java:492)
<br>&nbsp;&nbsp;&nbsp;&nbsp;	at io.netty.util.concurrent.SingleThreadEventExecutor.runAllTasks(SingleThreadEventExecutor.java:328)
<br>&nbsp;&nbsp;&nbsp;&nbsp;	at io.netty.channel.nio.NioEventLoop.run(NioEventLoop.java:354)
<br>&nbsp;&nbsp;&nbsp;&nbsp;	at io.netty.util.concurrent.SingleThreadEventExecutor$2.run(SingleThreadEventExecutor.java:116)
<br>&nbsp;&nbsp;&nbsp;&nbsp;	at io.netty.util.internal.chmv8.ForkJoinTask$RunnableExecuteAction.exec(ForkJoinTask.java:1412)
<br>&nbsp;&nbsp;&nbsp;&nbsp;	at io.netty.util.internal.chmv8.ForkJoinTask.doExec(ForkJoinTask.java:280)
<br>&nbsp;&nbsp;&nbsp;&nbsp;	at io.netty.util.internal.chmv8.ForkJoinPool$WorkQueue.runTask(ForkJoinPool.java:877)
<br>&nbsp;&nbsp;&nbsp;&nbsp;	at io.netty.util.internal.chmv8.ForkJoinPool.scan(ForkJoinPool.java:1706)
<br>&nbsp;&nbsp;&nbsp;&nbsp;	at io.netty.util.internal.chmv8.ForkJoinPool.runWorker(ForkJoinPool.java:1661)
<br>&nbsp;&nbsp;&nbsp;&nbsp;	at io.netty.util.internal.chmv8.ForkJoinWorkerThread.run(ForkJoinWorkerThread.java:126)
</td></tr>
